<?xml version="1.0" encoding="UTF-8"?>
<!-- Generated by org.testng.reporters.JUnitReportReporter -->
<testsuite hostname="IN-PG0351TV" failures="0" tests="20" name="tests.FlipkartTestCase" time="86.862" errors="0" timestamp="2024-05-17T19:42:46 IST" skipped="0">
  <testcase classname="tests.FlipkartTestCase" name="signupWithMobileNumber" time="4.045"/>
  <testcase classname="tests.FlipkartTestCase" name="signupWithMobileNumber" time="4.437"/>
  <testcase classname="tests.FlipkartTestCase" name="signupWithMobileNumber" time="4.337"/>
  <testcase classname="tests.FlipkartTestCase" name="signupWithMobileNumber" time="7.882"/>
  <testcase classname="tests.FlipkartTestCase" name="signupWithMobileNumber" time="4.067"/>
  <testcase classname="tests.FlipkartTestCase" name="loginToFlipkart" time="5.996"/>
  <testcase classname="tests.FlipkartTestCase" name="searchProduct" time="0.500"/>
  <testcase classname="tests.FlipkartTestCase" name="addToCart" time="6.189"/>
  <testcase classname="tests.FlipkartTestCase" name="getProductHighlights" time="12.123"/>
  <testcase classname="tests.FlipkartTestCase" name="goToGroceryPage" time="5.166"/>
  <testcase classname="tests.FlipkartTestCase" name="enterPinCodeTest" time="3.986"/>
  <testcase classname="tests.FlipkartTestCase" name="goToGrocerySnacksBeveragesBiscuitsPage" time="3.428"/>
  <testcase classname="tests.FlipkartTestCase" name="testCommunicationPreferencesPage" time="0.896"/>
  <testcase classname="tests.FlipkartTestCase" name="goToCorporateHomeAndSelectSustainability" time="4.068"/>
  <testcase classname="tests.FlipkartTestCase" name="scrollPageToBottom" time="2.478"/>
  <testcase classname="tests.FlipkartTestCase" name="gotoGroupCompanies" time="4.645"/>
  <testcase classname="tests.FlipkartTestCase" name="verifyGiftCardRedemption" time="3.973"/>
  <testcase classname="tests.FlipkartTestCase" name="verifyHighToLow" time="3.601"/>
  <testcase classname="tests.FlipkartTestCase" name="clickOnShareButton" time="3.938"/>
  <testcase classname="tests.FlipkartTestCase" name="clickOnNotificationPreferences" time="1.107"/>
</testsuite> <!-- tests.FlipkartTestCase -->
